
> tamuu@0.1.0 build:web
> turbo run build --filter=@tamuu/web

node.exe : ÔÇó turbo 
2.7.4
At C:\Program 
Files\nodejs\npm.ps1:29 
char:3
+   & $NODE_EXE 
$NPM_CLI_JS $args
+   ~~~~~~~~~~~~~~~~~~~~
~~~~~~~~~
    + CategoryInfo      
        : NotSpecified  
  : (ÔÇó turbo 2.7.4:   
 String) [], RemoteE    
xception
    + FullyQualifiedErr 
   orId : NativeComman  
  dError
 
ÔÇó Packages in scope: @tamuu/web
ÔÇó Running build in 1 packages
ÔÇó Remote caching disabled
@tamuu/web:build: cache miss, executing 68f5f4f917cdbcf2
@tamuu/web:build: 
@tamuu/web:build: > @tamuu/web@0.1.0 build
@tamuu/web:build: > tsc && vite build
@tamuu/web:build: 
@tamuu/web:build: src/components/Panels/LayersSidebar.tsx(12,7): error TS2741: Property 'love_story' is missing in type '{ text: JSX.Element; image: JSX.Element; gif: JSX.Element; sticker: JSX.Element; icon: JSX.Element; countdown: JSX.Element; button: JSX.Element; video: JSX.Element; ... 33 more ...; gift_address: JSX.Element; }' but required in type 'Record<LayerType, ReactNode>'.
@tamuu/web:build: src/components/UserEditor/UserElementEditor.tsx(79,40): error TS2304: Cannot find name 'Heart'.
@tamuu/web:build: src/components/UserEditor/UserElementEditor.tsx(486,30): error TS2304: Cannot find name 'Heart'.
@tamuu/web:build: npm error Lifecycle script `build` failed with error:
@tamuu/web:build: npm error code 2
@tamuu/web:build: npm error path C:\Users\62896\Documents\tamuureact\apps\web
@tamuu/web:build: npm error workspace @tamuu/web@0.1.0
@tamuu/web:build: npm error location C:\Users\62896\Documents\tamuureact\apps\web
@tamuu/web:build: npm error command failed
@tamuu/web:build: npm error command C:\WINDOWS\system32\cmd.exe /d /s /c tsc && vite build

 Tasks:    0 successful, 1 total
Cached:    0 cached, 1 total
  Time:    16.306s 
Failed:    @tamuu/web#build

@tamuu/web:build: 
ERROR: command finished 
with error: command (C:\
Users\62896\Documents\ta
muureact\apps\web) 
C:\Program 
Files\nodejs\npm.cmd 
run build exited (2)
@tamuu/web#build: 
command (C:\Users\62896\
Documents\tamuureact\app
s\web) C:\Program 
Files\nodejs\npm.cmd 
run build exited (2)
 ERROR  run failed: 
command  exited (2)
